08:36:26 INFO  : Registering command handlers for SDK TCF services
08:36:27 INFO  : Launching XSCT server: xsct.bat -interactive C:\Users\Jerome5\Desktop\SoC_LED_Counter\SoC_IP_Counter\SoC_IP_Counter.sdk\temp_xsdb_launch_script.tcl
08:36:32 INFO  : XSCT server has started successfully.
08:36:33 INFO  : Successfully done setting XSCT server connection channel  
08:36:33 INFO  : Successfully done setting SDK workspace  
08:36:33 INFO  : Processing command line option -hwspec C:/Users/Jerome5/Desktop/SoC_LED_Counter/SoC_IP_Counter/SoC_IP_Counter.sdk/design_1_wrapper.hdf.
08:41:52 INFO  : 'targets -set -filter {jtag_cable_name =~ "Digilent Nexys4DDR 210292A6ECB1A" && level==0} -index 0' command is executed.
08:41:52 INFO  : 'fpga -state' command is executed.
08:41:52 INFO  : Connected to target on host '127.0.0.1' and port '3121'.
08:41:52 INFO  : Jtag cable 'Digilent Nexys4DDR 210292A6ECB1A' is selected.
08:41:52 INFO  : 'jtag frequency' command is executed.
08:41:52 INFO  : 'configparams mdm-detect-bscan-mask 2' command is executed.
08:41:52 INFO  : Context for processor 'microblaze_0' is selected.
08:41:52 INFO  : Processor reset is completed for 'microblaze_0'.
08:41:52 INFO  : Context for processor 'microblaze_0' is selected.
08:41:52 INFO  : The application 'C:/Users/Jerome5/Desktop/SoC_LED_Counter/SoC_IP_Counter/SoC_IP_Counter.sdk/test1/Debug/test1.elf' is downloaded to processor 'microblaze_0'.
08:41:52 INFO  : ----------------XSDB Script----------------
connect -url tcp:127.0.0.1:3121
configparams mdm-detect-bscan-mask 2
targets -set -nocase -filter {name =~ "microblaze*#0" && bscan=="USER2"  && jtag_cable_name =~ "Digilent Nexys4DDR 210292A6ECB1A"} -index 0
rst -processor
targets -set -nocase -filter {name =~ "microblaze*#0" && bscan=="USER2"  && jtag_cable_name =~ "Digilent Nexys4DDR 210292A6ECB1A"} -index 0
dow C:/Users/Jerome5/Desktop/SoC_LED_Counter/SoC_IP_Counter/SoC_IP_Counter.sdk/test1/Debug/test1.elf
----------------End of Script----------------

08:41:53 INFO  : Context for processor 'microblaze_0' is selected.
08:41:53 INFO  : 'con' command is executed.
08:41:53 INFO  : ----------------XSDB Script (After Launch)----------------
targets -set -nocase -filter {name =~ "microblaze*#0" && bscan=="USER2"  && jtag_cable_name =~ "Digilent Nexys4DDR 210292A6ECB1A"} -index 0
con
----------------End of Script----------------

08:41:53 INFO  : Disconnected from the channel tcfchan#1.
08:43:09 INFO  : 'targets -set -filter {jtag_cable_name =~ "Digilent Nexys4DDR 210292A6ECB1A" && level==0} -index 0' command is executed.
08:43:09 INFO  : 'fpga -state' command is executed.
08:43:09 INFO  : Connected to target on host '127.0.0.1' and port '3121'.
08:43:10 INFO  : Jtag cable 'Digilent Nexys4DDR 210292A6ECB1A' is selected.
08:43:10 INFO  : 'jtag frequency' command is executed.
08:43:10 INFO  : 'configparams mdm-detect-bscan-mask 2' command is executed.
08:43:10 INFO  : Context for processor 'microblaze_0' is selected.
08:43:10 INFO  : Processor reset is completed for 'microblaze_0'.
08:43:10 INFO  : Context for processor 'microblaze_0' is selected.
08:43:10 INFO  : The application 'C:/Users/Jerome5/Desktop/SoC_LED_Counter/SoC_IP_Counter/SoC_IP_Counter.sdk/test1/Debug/test1.elf' is downloaded to processor 'microblaze_0'.
08:43:10 INFO  : ----------------XSDB Script----------------
connect -url tcp:127.0.0.1:3121
configparams mdm-detect-bscan-mask 2
targets -set -nocase -filter {name =~ "microblaze*#0" && bscan=="USER2"  && jtag_cable_name =~ "Digilent Nexys4DDR 210292A6ECB1A"} -index 0
rst -processor
targets -set -nocase -filter {name =~ "microblaze*#0" && bscan=="USER2"  && jtag_cable_name =~ "Digilent Nexys4DDR 210292A6ECB1A"} -index 0
dow C:/Users/Jerome5/Desktop/SoC_LED_Counter/SoC_IP_Counter/SoC_IP_Counter.sdk/test1/Debug/test1.elf
----------------End of Script----------------

08:43:10 INFO  : Context for processor 'microblaze_0' is selected.
08:43:10 INFO  : 'con' command is executed.
08:43:10 INFO  : ----------------XSDB Script (After Launch)----------------
targets -set -nocase -filter {name =~ "microblaze*#0" && bscan=="USER2"  && jtag_cable_name =~ "Digilent Nexys4DDR 210292A6ECB1A"} -index 0
con
----------------End of Script----------------

08:43:10 INFO  : Disconnected from the channel tcfchan#2.
09:22:47 INFO  : SDK has detected change in the last modified timestamps for source hardware specification file Source:1545642517970,  Project:1545640530591
09:22:47 INFO  : Project design_1_wrapper_hw_platform_0's source hardware specification located at C:/Users/Jerome5/Desktop/SoC_LED_Counter/SoC_IP_Counter/SoC_IP_Counter.sdk/design_1_wrapper.hdf is now different from the local copy.
		 The local copy will be replaced with the source specification and your workspace will be updated.
09:22:50 INFO  : Copied contents of C:/Users/Jerome5/Desktop/SoC_LED_Counter/SoC_IP_Counter/SoC_IP_Counter.sdk/design_1_wrapper.hdf into \design_1_wrapper_hw_platform_0\system.hdf.
09:22:50 INFO  : Synchronizing projects in the workspace with the hardware platform specification changes.
09:22:53 INFO  : 
09:22:53 INFO  : Updating hardware inferred compiler options for test1.
09:22:53 INFO  : Clearing existing target manager status.
09:22:53 INFO  : Closing and re-opening the MSS file of ther project test1_bsp
09:22:54 INFO  : Closing and re-opening the MSS file of ther project test1_bsp
09:22:54 INFO  : Workspace synchronized with the new hardware specification file. Cleaning dependent projects...
09:22:55 WARN  : Linker script will not be updated automatically. Users need to update it manually.
09:23:06 INFO  : 'targets -set -filter {jtag_cable_name =~ "Digilent Nexys4DDR 210292A6ECB1A" && level==0} -index 0' command is executed.
09:23:06 INFO  : 'fpga -state' command is executed.
09:23:06 INFO  : Connected to target on host '127.0.0.1' and port '3121'.
09:23:06 INFO  : Jtag cable 'Digilent Nexys4DDR 210292A6ECB1A' is selected.
09:23:06 INFO  : 'jtag frequency' command is executed.
09:23:06 INFO  : 'configparams mdm-detect-bscan-mask 2' command is executed.
09:23:06 INFO  : Context for processor 'microblaze_0' is selected.
09:23:06 INFO  : Processor reset is completed for 'microblaze_0'.
09:23:06 INFO  : Context for processor 'microblaze_0' is selected.
09:23:07 INFO  : The application 'C:/Users/Jerome5/Desktop/SoC_LED_Counter/SoC_IP_Counter/SoC_IP_Counter.sdk/test1/Debug/test1.elf' is downloaded to processor 'microblaze_0'.
09:23:07 INFO  : ----------------XSDB Script----------------
connect -url tcp:127.0.0.1:3121
configparams mdm-detect-bscan-mask 2
targets -set -nocase -filter {name =~ "microblaze*#0" && bscan=="USER2"  && jtag_cable_name =~ "Digilent Nexys4DDR 210292A6ECB1A"} -index 0
rst -processor
targets -set -nocase -filter {name =~ "microblaze*#0" && bscan=="USER2"  && jtag_cable_name =~ "Digilent Nexys4DDR 210292A6ECB1A"} -index 0
dow C:/Users/Jerome5/Desktop/SoC_LED_Counter/SoC_IP_Counter/SoC_IP_Counter.sdk/test1/Debug/test1.elf
----------------End of Script----------------

09:23:07 INFO  : Context for processor 'microblaze_0' is selected.
09:23:07 INFO  : 'con' command is executed.
09:23:07 INFO  : ----------------XSDB Script (After Launch)----------------
targets -set -nocase -filter {name =~ "microblaze*#0" && bscan=="USER2"  && jtag_cable_name =~ "Digilent Nexys4DDR 210292A6ECB1A"} -index 0
con
----------------End of Script----------------

09:23:07 INFO  : Disconnected from the channel tcfchan#3.
09:23:18 INFO  : 'targets -set -filter {jtag_cable_name =~ "Digilent Nexys4DDR 210292A6ECB1A" && level==0} -index 0' command is executed.
09:23:18 INFO  : 'fpga -state' command is executed.
09:23:18 INFO  : Connected to target on host '127.0.0.1' and port '3121'.
09:23:19 INFO  : Jtag cable 'Digilent Nexys4DDR 210292A6ECB1A' is selected.
09:23:19 INFO  : 'jtag frequency' command is executed.
09:23:19 INFO  : 'configparams mdm-detect-bscan-mask 2' command is executed.
09:23:19 INFO  : Context for processor 'microblaze_0' is selected.
09:23:19 INFO  : Processor reset is completed for 'microblaze_0'.
09:23:19 INFO  : Context for processor 'microblaze_0' is selected.
09:23:19 INFO  : The application 'C:/Users/Jerome5/Desktop/SoC_LED_Counter/SoC_IP_Counter/SoC_IP_Counter.sdk/test1/Debug/test1.elf' is downloaded to processor 'microblaze_0'.
09:23:19 INFO  : ----------------XSDB Script----------------
connect -url tcp:127.0.0.1:3121
configparams mdm-detect-bscan-mask 2
targets -set -nocase -filter {name =~ "microblaze*#0" && bscan=="USER2"  && jtag_cable_name =~ "Digilent Nexys4DDR 210292A6ECB1A"} -index 0
rst -processor
targets -set -nocase -filter {name =~ "microblaze*#0" && bscan=="USER2"  && jtag_cable_name =~ "Digilent Nexys4DDR 210292A6ECB1A"} -index 0
dow C:/Users/Jerome5/Desktop/SoC_LED_Counter/SoC_IP_Counter/SoC_IP_Counter.sdk/test1/Debug/test1.elf
----------------End of Script----------------

09:23:19 INFO  : Context for processor 'microblaze_0' is selected.
09:23:19 INFO  : 'con' command is executed.
09:23:19 INFO  : ----------------XSDB Script (After Launch)----------------
targets -set -nocase -filter {name =~ "microblaze*#0" && bscan=="USER2"  && jtag_cable_name =~ "Digilent Nexys4DDR 210292A6ECB1A"} -index 0
con
----------------End of Script----------------

09:23:19 INFO  : Disconnected from the channel tcfchan#4.
09:36:44 INFO  : Connected to target on host '127.0.0.1' and port '3121'.
09:36:45 INFO  : 'targets -set -filter {jtag_cable_name =~ "Digilent Nexys4DDR 210292A6ECB1A" && level==0} -index 0' command is executed.
09:36:47 INFO  : FPGA configured successfully with bitstream "C:/Users/Jerome5/Desktop/SoC_LED_Counter/SoC_IP_Counter/SoC_IP_Counter.sdk/design_1_wrapper_hw_platform_0/download.bit"
09:36:54 INFO  : 'targets -set -filter {jtag_cable_name =~ "Digilent Nexys4DDR 210292A6ECB1A" && level==0} -index 0' command is executed.
09:36:54 INFO  : 'fpga -state' command is executed.
09:36:54 INFO  : Connected to target on host '127.0.0.1' and port '3121'.
09:36:54 INFO  : Jtag cable 'Digilent Nexys4DDR 210292A6ECB1A' is selected.
09:36:54 INFO  : 'jtag frequency' command is executed.
09:36:54 INFO  : 'configparams mdm-detect-bscan-mask 2' command is executed.
09:36:54 INFO  : Context for processor 'microblaze_0' is selected.
09:36:54 INFO  : Processor reset is completed for 'microblaze_0'.
09:36:54 INFO  : Context for processor 'microblaze_0' is selected.
09:36:55 INFO  : The application 'C:/Users/Jerome5/Desktop/SoC_LED_Counter/SoC_IP_Counter/SoC_IP_Counter.sdk/test1/Debug/test1.elf' is downloaded to processor 'microblaze_0'.
09:36:55 INFO  : ----------------XSDB Script----------------
connect -url tcp:127.0.0.1:3121
configparams mdm-detect-bscan-mask 2
targets -set -nocase -filter {name =~ "microblaze*#0" && bscan=="USER2"  && jtag_cable_name =~ "Digilent Nexys4DDR 210292A6ECB1A"} -index 0
rst -processor
targets -set -nocase -filter {name =~ "microblaze*#0" && bscan=="USER2"  && jtag_cable_name =~ "Digilent Nexys4DDR 210292A6ECB1A"} -index 0
dow C:/Users/Jerome5/Desktop/SoC_LED_Counter/SoC_IP_Counter/SoC_IP_Counter.sdk/test1/Debug/test1.elf
----------------End of Script----------------

09:36:55 INFO  : Context for processor 'microblaze_0' is selected.
09:36:55 INFO  : 'con' command is executed.
09:36:55 INFO  : ----------------XSDB Script (After Launch)----------------
targets -set -nocase -filter {name =~ "microblaze*#0" && bscan=="USER2"  && jtag_cable_name =~ "Digilent Nexys4DDR 210292A6ECB1A"} -index 0
con
----------------End of Script----------------

09:36:55 INFO  : Disconnected from the channel tcfchan#5.
10:51:38 INFO  : Registering command handlers for SDK TCF services
10:51:40 INFO  : Launching XSCT server: xsct.bat -interactive C:\Users\Jerome5\Desktop\SoC_LED_Counter\SoC_IP_Counter\SoC_IP_Counter.sdk\temp_xsdb_launch_script.tcl
10:51:42 INFO  : XSCT server has started successfully.
10:51:42 INFO  : Successfully done setting XSCT server connection channel  
10:51:42 INFO  : Successfully done setting SDK workspace  
10:51:42 INFO  : Processing command line option -hwspec C:/Users/Jerome5/Desktop/SoC_LED_Counter/SoC_IP_Counter/SoC_IP_Counter.sdk/design_1_wrapper.hdf.
10:51:42 INFO  : Checking for hwspec changes in the project design_1_wrapper_hw_platform_0.
