#-----------------------------------------------------------
# Vivado v2018.3 (64-bit)
# SW Build 2405991 on Thu Dec  6 23:38:27 MST 2018
# IP Build 2404404 on Fri Dec  7 01:43:56 MST 2018
# Start of session at: Sat Jan  5 10:48:44 2019
# Process ID: 5060
# Current directory: C:/Users/Jerome5/Desktop/SoC_LED_Counter/SoC_IP_Counter
# Command line: vivado.exe -gui_launcher_event rodinguilauncherevent11744 C:\Users\Jerome5\Desktop\SoC_LED_Counter\SoC_IP_Counter\SoC_IP_Counter.xpr
# Log file: C:/Users/Jerome5/Desktop/SoC_LED_Counter/SoC_IP_Counter/vivado.log
# Journal file: C:/Users/Jerome5/Desktop/SoC_LED_Counter/SoC_IP_Counter\vivado.jou
#-----------------------------------------------------------
start_gui
open_project C:/Users/Jerome5/Desktop/SoC_LED_Counter/SoC_IP_Counter/SoC_IP_Counter.xpr
Scanning sources...
Finished scanning sources
INFO: [IP_Flow 19-234] Refreshing IP repositories
INFO: [IP_Flow 19-1700] Loaded user IP repository 'c:/Users/Jerome5/Desktop/SoC_LED_Counter/ip_repo/myip_1.0'.
INFO: [IP_Flow 19-2313] Loaded Vivado IP repository 'C:/Xilinx/Vivado/2018.3/data/ip'.
open_project: Time (s): cpu = 00:00:27 ; elapsed = 00:00:13 . Memory (MB): peak = 737.617 ; gain = 102.797
update_compile_order -fileset sources_1
file copy -force C:/Users/Jerome5/Desktop/SoC_LED_Counter/SoC_IP_Counter/SoC_IP_Counter.runs/impl_1/design_1_wrapper.sysdef C:/Users/Jerome5/Desktop/SoC_LED_Counter/SoC_IP_Counter/SoC_IP_Counter.sdk/design_1_wrapper.hdf

launch_sdk -workspace C:/Users/Jerome5/Desktop/SoC_LED_Counter/SoC_IP_Counter/SoC_IP_Counter.sdk -hwspec C:/Users/Jerome5/Desktop/SoC_LED_Counter/SoC_IP_Counter/SoC_IP_Counter.sdk/design_1_wrapper.hdf
INFO: [Vivado 12-393] Launching SDK...
INFO: [Vivado 12-417] Running xsdk -workspace C:/Users/Jerome5/Desktop/SoC_LED_Counter/SoC_IP_Counter/SoC_IP_Counter.sdk -hwspec C:/Users/Jerome5/Desktop/SoC_LED_Counter/SoC_IP_Counter/SoC_IP_Counter.sdk/design_1_wrapper.hdf
INFO: [Vivado 12-3157] SDK launch initiated. Please check console for any further messages.
open_bd_design {C:/Users/Jerome5/Desktop/SoC_LED_Counter/SoC_IP_Counter/SoC_IP_Counter.srcs/sources_1/bd/design_1/design_1.bd}
Adding cell -- xilinx.com:ip:microblaze:11.0 - microblaze_0
Adding cell -- xilinx.com:ip:lmb_v10:3.0 - dlmb_v10
Adding cell -- xilinx.com:ip:lmb_v10:3.0 - ilmb_v10
Adding cell -- xilinx.com:ip:lmb_bram_if_cntlr:4.0 - dlmb_bram_if_cntlr
Adding cell -- xilinx.com:ip:lmb_bram_if_cntlr:4.0 - ilmb_bram_if_cntlr
Adding cell -- xilinx.com:ip:blk_mem_gen:8.4 - lmb_bram
Adding cell -- xilinx.com:ip:mdm:3.2 - mdm_1
Adding cell -- xilinx.com:ip:clk_wiz:6.0 - clk_wiz_1
Adding cell -- xilinx.com:ip:proc_sys_reset:5.0 - rst_clk_wiz_1_100M
Adding cell -- xilinx.com:ip:axi_uartlite:2.0 - axi_uartlite_0
Adding cell -- xilinx.com:ip:axi_interconnect:2.1 - microblaze_0_axi_periph
Adding cell -- xilinx.com:ip:axi_crossbar:2.1 - xbar
Adding cell -- ac.uk:user:myip:1.0 - myip_0
Successfully read diagram <design_1> from BD file <C:/Users/Jerome5/Desktop/SoC_LED_Counter/SoC_IP_Counter/SoC_IP_Counter.srcs/sources_1/bd/design_1/design_1.bd>
open_bd_design: Time (s): cpu = 00:00:12 ; elapsed = 00:00:09 . Memory (MB): peak = 1445.395 ; gain = 30.629
ipx::edit_ip_in_project -upgrade true -name myip_v1_0_project -directory C:/Users/Jerome5/Desktop/SoC_LED_Counter/SoC_IP_Counter/SoC_IP_Counter.tmp/myip_v1_0_project c:/Users/Jerome5/Desktop/SoC_LED_Counter/ip_repo/myip_1.0/component.xml
INFO: [ProjectBase 1-489] The host OS only allows 260 characters in a normal path. The project is stored in a path with more than 80 characters. If you experience issues with IP, Block Designs, or files not being found, please consider moving the project to a location with a shorter path. Alternately consider using the OS subst command to map part of the path to a drive letter.
Current project path is 'c:/users/jerome5/desktop/soc_led_counter/soc_ip_counter/soc_ip_counter.tmp/myip_v1_0_project'
INFO: [IP_Flow 19-234] Refreshing IP repositories
INFO: [IP_Flow 19-1704] No user IP repositories specified
INFO: [IP_Flow 19-2313] Loaded Vivado IP repository 'C:/Xilinx/Vivado/2018.3/data/ip'.
create_project: Time (s): cpu = 00:00:13 ; elapsed = 00:00:07 . Memory (MB): peak = 1445.395 ; gain = 0.000
INFO: [IP_Flow 19-234] Refreshing IP repositories
INFO: [IP_Flow 19-1700] Loaded user IP repository 'c:/Users/Jerome5/Desktop/SoC_LED_Counter/ip_repo/myip_1.0'.
INFO: [IP_Flow 19-795] Syncing license key meta-data
ipx::edit_ip_in_project: Time (s): cpu = 00:00:19 ; elapsed = 00:00:09 . Memory (MB): peak = 1445.395 ; gain = 0.000
update_compile_order -fileset sources_1
close_project
exit
INFO: [Common 17-206] Exiting Vivado at Sat Jan  5 10:58:35 2019...
